<?xml version="1.0" encoding="UTF-8"?>
<testng-results ignored="0" total="8" passed="8" failed="0" skipped="0">
  <reporter-output>
  </reporter-output>
  <suite started-at="2024-08-05T06:54:59 IST" name="Suite" finished-at="2024-08-05T06:58:12 IST" duration-ms="193243">
    <groups>
      <group name="cucumber">
        <method signature="AbstractTestNGCucumberTests.runScenario(io.cucumber.testng.PickleWrapper,io.cucumber.testng.FeatureWrapper)[pri:0, instance:AlterShop.Runner.AssetsRunner@452e19ca]" name="runScenario" class="io.cucumber.testng.AbstractTestNGCucumberTests"/>
        <method signature="AbstractTestNGCucumberTests.runScenario(io.cucumber.testng.PickleWrapper,io.cucumber.testng.FeatureWrapper)[pri:0, instance:AlterShop.Runner.ProfileRunner@6b0d80ed]" name="runScenario" class="io.cucumber.testng.AbstractTestNGCucumberTests"/>
        <method signature="AbstractTestNGCucumberTests.runScenario(io.cucumber.testng.PickleWrapper,io.cucumber.testng.FeatureWrapper)[pri:0, instance:AlterShop.Runner.SearchRunner@19b843ba]" name="runScenario" class="io.cucumber.testng.AbstractTestNGCucumberTests"/>
      </group> <!-- cucumber -->
    </groups>
    <test started-at="2024-08-05T06:54:59 IST" name="Test" finished-at="2024-08-05T06:58:12 IST" duration-ms="193243">
      <class name="AlterShop.Runner.AssetsRunner">
        <test-method is-config="true" signature="setUpClass(org.testng.ITestContext)[pri:0, instance:AlterShop.Runner.AssetsRunner@452e19ca]" started-at="2024-08-05T06:57:09 IST" name="setUpClass" finished-at="2024-08-05T06:57:09 IST" duration-ms="23" status="PASS">
          <params>
            <param index="0">
              <value>
                <![CDATA[org.testng.TestRunner@1add90e0]]>
              </value>
            </param>
          </params>
          <reporter-output>
          </reporter-output>
        </test-method> <!-- setUpClass -->
        <test-method signature="runScenario(io.cucumber.testng.PickleWrapper,io.cucumber.testng.FeatureWrapper)[pri:0, instance:AlterShop.Runner.AssetsRunner@452e19ca]" started-at="2024-08-05T06:57:09 IST" name="runScenario" description="Runs Cucumber Scenarios" data-provider="scenarios" finished-at="2024-08-05T06:57:20 IST" duration-ms="11458" status="PASS">
          <params>
            <param index="0">
              <value>
                <![CDATA["TC001 - All Asset names"]]>
              </value>
            </param>
            <param index="1">
              <value>
                <![CDATA["Asset Details Feature"]]>
              </value>
            </param>
          </params>
          <reporter-output>
          </reporter-output>
        </test-method> <!-- runScenario -->
        <test-method signature="runScenario(io.cucumber.testng.PickleWrapper,io.cucumber.testng.FeatureWrapper)[pri:0, instance:AlterShop.Runner.AssetsRunner@452e19ca]" started-at="2024-08-05T06:57:20 IST" name="runScenario" description="Runs Cucumber Scenarios" data-provider="scenarios" finished-at="2024-08-05T06:57:38 IST" duration-ms="17735" status="PASS">
          <params>
            <param index="0">
              <value>
                <![CDATA["TC002 - Get Asset details"]]>
              </value>
            </param>
            <param index="1">
              <value>
                <![CDATA["Asset Details Feature"]]>
              </value>
            </param>
          </params>
          <reporter-output>
          </reporter-output>
        </test-method> <!-- runScenario -->
        <test-method is-config="true" signature="tearDownClass()[pri:0, instance:AlterShop.Runner.AssetsRunner@452e19ca]" started-at="2024-08-05T06:57:38 IST" name="tearDownClass" finished-at="2024-08-05T06:57:42 IST" duration-ms="4265" status="PASS">
          <reporter-output>
          </reporter-output>
        </test-method> <!-- tearDownClass -->
      </class> <!-- AlterShop.Runner.AssetsRunner -->
      <class name="AlterShop.Runner.SearchRunner">
        <test-method is-config="true" signature="setUpClass(org.testng.ITestContext)[pri:0, instance:AlterShop.Runner.SearchRunner@19b843ba]" started-at="2024-08-05T06:54:59 IST" name="setUpClass" finished-at="2024-08-05T06:55:01 IST" duration-ms="2187" status="PASS">
          <params>
            <param index="0">
              <value>
                <![CDATA[org.testng.TestRunner@1add90e0]]>
              </value>
            </param>
          </params>
          <reporter-output>
          </reporter-output>
        </test-method> <!-- setUpClass -->
        <test-method signature="runScenario(io.cucumber.testng.PickleWrapper,io.cucumber.testng.FeatureWrapper)[pri:0, instance:AlterShop.Runner.SearchRunner@19b843ba]" started-at="2024-08-05T06:55:01 IST" name="runScenario" description="Runs Cucumber Scenarios" data-provider="scenarios" finished-at="2024-08-05T06:55:21 IST" duration-ms="20664" status="PASS">
          <params>
            <param index="0">
              <value>
                <![CDATA["TC001 - Search for an asset by keyword"]]>
              </value>
            </param>
            <param index="1">
              <value>
                <![CDATA["Search and Filter Feature"]]>
              </value>
            </param>
          </params>
          <reporter-output>
          </reporter-output>
        </test-method> <!-- runScenario -->
        <test-method signature="runScenario(io.cucumber.testng.PickleWrapper,io.cucumber.testng.FeatureWrapper)[pri:0, instance:AlterShop.Runner.SearchRunner@19b843ba]" started-at="2024-08-05T06:55:21 IST" name="runScenario" description="Runs Cucumber Scenarios" data-provider="scenarios" finished-at="2024-08-05T06:55:52 IST" duration-ms="30682" status="PASS">
          <params>
            <param index="0">
              <value>
                <![CDATA["TC002 - Search with invalid keyword"]]>
              </value>
            </param>
            <param index="1">
              <value>
                <![CDATA["Search and Filter Feature"]]>
              </value>
            </param>
          </params>
          <reporter-output>
          </reporter-output>
        </test-method> <!-- runScenario -->
        <test-method signature="runScenario(io.cucumber.testng.PickleWrapper,io.cucumber.testng.FeatureWrapper)[pri:0, instance:AlterShop.Runner.SearchRunner@19b843ba]" started-at="2024-08-05T06:55:52 IST" name="runScenario" description="Runs Cucumber Scenarios" data-provider="scenarios" finished-at="2024-08-05T06:56:14 IST" duration-ms="22096" status="PASS">
          <params>
            <param index="0">
              <value>
                <![CDATA["TC003 - Apply filter by sort"]]>
              </value>
            </param>
            <param index="1">
              <value>
                <![CDATA["Search and Filter Feature"]]>
              </value>
            </param>
          </params>
          <reporter-output>
          </reporter-output>
        </test-method> <!-- runScenario -->
        <test-method signature="runScenario(io.cucumber.testng.PickleWrapper,io.cucumber.testng.FeatureWrapper)[pri:0, instance:AlterShop.Runner.SearchRunner@19b843ba]" started-at="2024-08-05T06:56:14 IST" name="runScenario" description="Runs Cucumber Scenarios" data-provider="scenarios" finished-at="2024-08-05T06:56:36 IST" duration-ms="22144" status="PASS">
          <params>
            <param index="0">
              <value>
                <![CDATA["TC004 - Apply filter by price"]]>
              </value>
            </param>
            <param index="1">
              <value>
                <![CDATA["Search and Filter Feature"]]>
              </value>
            </param>
          </params>
          <reporter-output>
          </reporter-output>
        </test-method> <!-- runScenario -->
        <test-method signature="runScenario(io.cucumber.testng.PickleWrapper,io.cucumber.testng.FeatureWrapper)[pri:0, instance:AlterShop.Runner.SearchRunner@19b843ba]" started-at="2024-08-05T06:56:36 IST" name="runScenario" description="Runs Cucumber Scenarios" data-provider="scenarios" finished-at="2024-08-05T06:57:01 IST" duration-ms="24230" status="PASS">
          <params>
            <param index="0">
              <value>
                <![CDATA["TC005 - Apply multiple filters"]]>
              </value>
            </param>
            <param index="1">
              <value>
                <![CDATA["Search and Filter Feature"]]>
              </value>
            </param>
          </params>
          <reporter-output>
          </reporter-output>
        </test-method> <!-- runScenario -->
        <test-method is-config="true" signature="tearDownClass()[pri:0, instance:AlterShop.Runner.SearchRunner@19b843ba]" started-at="2024-08-05T06:57:01 IST" name="tearDownClass" finished-at="2024-08-05T06:57:09 IST" duration-ms="7949" status="PASS">
          <reporter-output>
          </reporter-output>
        </test-method> <!-- tearDownClass -->
      </class> <!-- AlterShop.Runner.SearchRunner -->
      <class name="AlterShop.Runner.ProfileRunner">
        <test-method is-config="true" signature="setUpClass(org.testng.ITestContext)[pri:0, instance:AlterShop.Runner.ProfileRunner@6b0d80ed]" started-at="2024-08-05T06:57:42 IST" name="setUpClass" finished-at="2024-08-05T06:57:42 IST" duration-ms="31" status="PASS">
          <params>
            <param index="0">
              <value>
                <![CDATA[org.testng.TestRunner@1add90e0]]>
              </value>
            </param>
          </params>
          <reporter-output>
          </reporter-output>
        </test-method> <!-- setUpClass -->
        <test-method signature="runScenario(io.cucumber.testng.PickleWrapper,io.cucumber.testng.FeatureWrapper)[pri:0, instance:AlterShop.Runner.ProfileRunner@6b0d80ed]" started-at="2024-08-05T06:57:42 IST" name="runScenario" description="Runs Cucumber Scenarios" data-provider="scenarios" finished-at="2024-08-05T06:58:12 IST" duration-ms="29536" status="PASS">
          <params>
            <param index="0">
              <value>
                <![CDATA["TC001 - Get profile and Asset list"]]>
              </value>
            </param>
            <param index="1">
              <value>
                <![CDATA["Profile and Asset List Feature"]]>
              </value>
            </param>
          </params>
          <reporter-output>
          </reporter-output>
        </test-method> <!-- runScenario -->
        <test-method is-config="true" signature="tearDownClass()[pri:0, instance:AlterShop.Runner.ProfileRunner@6b0d80ed]" started-at="2024-08-05T06:58:12 IST" name="tearDownClass" finished-at="2024-08-05T06:58:12 IST" duration-ms="125" status="PASS">
          <reporter-output>
          </reporter-output>
        </test-method> <!-- tearDownClass -->
      </class> <!-- AlterShop.Runner.ProfileRunner -->
    </test> <!-- Test -->
  </suite> <!-- Suite -->
</testng-results>
